0 info it worked if it ends with ok
1 verbose cli [ '/usr/local/Cellar/node/6.0.0/bin/node',
1 verbose cli   '/usr/local/lib/node_modules/cnpm/node_modules/.bin/npm',
1 verbose cli   '--userconfig=/Users/jacksoft/.cnpmrc',
1 verbose cli   '--disturl=https://npm.taobao.org/mirrors/node',
1 verbose cli   '--registry=https://registry.npm.taobao.org',
1 verbose cli   'run',
1 verbose cli   'serve' ]
2 info using npm@3.10.10
3 info using node@v9.10.0
4 verbose run-script [ 'preserve', 'serve', 'postserve' ]
5 info lifecycle imooc_pay_share@0.1.0~preserve: imooc_pay_share@0.1.0
6 silly lifecycle imooc_pay_share@0.1.0~preserve: no script for preserve, continuing
7 info lifecycle imooc_pay_share@0.1.0~serve: imooc_pay_share@0.1.0
8 verbose lifecycle imooc_pay_share@0.1.0~serve: unsafe-perm in lifecycle true
9 verbose lifecycle imooc_pay_share@0.1.0~serve: PATH: /usr/local/lib/node_modules/cnpm/node_modules/npm/bin/node-gyp-bin:/Imooc/coding-343/imooc_pay_share/node_modules/.bin:/usr/local/Cellar/node/6.0.0/bin:/usr/local/bin:/usr/bin:/bin:/usr/sbin:/sbin
10 verbose lifecycle imooc_pay_share@0.1.0~serve: CWD: /Imooc/coding-343/imooc_pay_share
11 silly lifecycle imooc_pay_share@0.1.0~serve: Args: [ '-c', 'vue-cli-service serve' ]
12 info lifecycle imooc_pay_share@0.1.0~serve: Failed to exec serve script
13 verbose stack Error: imooc_pay_share@0.1.0 serve: `vue-cli-service serve`
13 verbose stack spawn ENOENT
13 verbose stack     at ChildProcess.<anonymous> (/usr/local/lib/node_modules/cnpm/node_modules/npm/lib/utils/spawn.js:33:16)
13 verbose stack     at ChildProcess.emit (events.js:180:13)
13 verbose stack     at maybeClose (internal/child_process.js:936:16)
13 verbose stack     at Process.ChildProcess._handle.onexit (internal/child_process.js:220:5)
14 verbose pkgid imooc_pay_share@0.1.0
15 verbose cwd /Imooc/coding-343/imooc_pay_share
16 error Darwin 15.6.0
17 error argv "/usr/local/Cellar/node/6.0.0/bin/node" "/usr/local/lib/node_modules/cnpm/node_modules/.bin/npm" "--userconfig=/Users/jacksoft/.cnpmrc" "--disturl=https://npm.taobao.org/mirrors/node" "--registry=https://registry.npm.taobao.org" "run" "serve"
18 error node v9.10.0
19 error npm  v3.10.10
20 error file sh
21 error code ELIFECYCLE
22 error errno ENOENT
23 error syscall spawn
24 error imooc_pay_share@0.1.0 serve: `vue-cli-service serve`
24 error spawn ENOENT
25 error Failed at the imooc_pay_share@0.1.0 serve script 'vue-cli-service serve'.
25 error Make sure you have the latest version of node.js and npm installed.
25 error If you do, this is most likely a problem with the imooc_pay_share package,
25 error not with npm itself.
25 error Tell the author that this fails on your system:
25 error     vue-cli-service serve
25 error You can get information on how to open an issue for this project with:
25 error     npm bugs imooc_pay_share
25 error Or if that isn't available, you can get their info via:
25 error     npm owner ls imooc_pay_share
25 error There is likely additional logging output above.
26 verbose exit [ 1, true ]
